This is e-pTeX, Version 3.141592653-p4.0.0-220214-2.6 (utf8.euc) (TeX Live 2022) (preloaded format=platex 2022.6.7)  13 NOV 2022 20:48
entering extended mode
 restricted \write18 enabled.
 %&-line parsing enabled.
**main.tex
(./main.tex
pLaTeX2e <2021-11-15> (based on LaTeX2e <2021-11-15> patch level 1)
L3 programming layer <2022-02-24>
(/usr/local/texlive/2022/texmf-dist/tex/platex/base/jbook.cls
Document Class: jbook 2020/09/30 v1.8f Standard pLaTeX class
\c@@paper=\count184
(/usr/local/texlive/2022/texmf-dist/tex/latex/base/fleqn.clo
File: fleqn.clo 2016/12/29 v1.2b Standard LaTeX option (flush left equations)
\mathindent=\skip47
Applying: [2015/01/01] Make \[ robust on input line 50.
LaTeX Info: Redefining \[ on input line 51.
Already applied: [0000/00/00] Make \[ robust on input line 62.
Applying: [2015/01/01] Make \] robust on input line 74.
LaTeX Info: Redefining \] on input line 75.
Already applied: [0000/00/00] Make \] robust on input line 83.
)
(/usr/local/texlive/2022/texmf-dist/tex/platex/base/jbk10.clo
File: jbk10.clo 2020/09/30 v1.8f Standard pLaTeX file (size option)
)
\c@part=\count185
\c@chapter=\count186
\c@section=\count187
\c@subsection=\count188
\c@subsubsection=\count189
\c@paragraph=\count190
\c@subparagraph=\count191
\c@figure=\count192
\c@table=\count193
\abovecaptionskip=\skip48
\belowcaptionskip=\skip49
\symmincho=\mathgroup4
LaTeX Font Info:    Overwriting symbol font `mincho' in version `bold'
(Font)                  JY1/mc/m/n --> JY1/gt/m/n on input line 708.
\toclineskip=\dimen154
\@lnumwidth=\dimen155
\bibindent=\dimen156
\heisei=\count194
)
(./styles/sotsu2.sty (./styles/tpic3.sty
\Thickunit=\dimen157
\@lastThickness=\dimen158
\@tempcntc=\count195
\@tempcntd=\count196
\@tempdimc=\dimen159
\@tempdimd=\dimen160
\owborder=\dimen161
\shadowshift=\dimen162
\shadowenv=\dimen163
)
(/usr/local/texlive/2022/texmf-dist/tex/latex/ascmac/ascmac.sty
Package: ascmac 2020/01/15 v2.1 ascmac wrapper (community edition) 

(/usr/local/texlive/2022/texmf-dist/tex/latex/ascmac/tascmac.sty
Package: tascmac 2020/01/15 v2.1 ascmac package (community edition) 
\@savetbaselineshift=\dimen164
\@saveybaselineshift=\dimen165
\scb@x=\box67
\scscb@x=\box68
\@bw=\dimen166
\@nbox=\box69
\@nbody=\box70
\@scw=\dimen167
\ascmac@hoboxa=\box71
\ascmac@hoboxb=\box72
\@itemh=\dimen168
\@iboxpos=\toks17
\@iboxstr=\box73
\@bwsp=\box74
\@@bwsp=\box75
\@bcal=\count197
\shaderule=\dimen169
))
(/usr/local/texlive/2022/texmf-dist/tex/latex/graphics/graphicx.sty
Package: graphicx 2021/09/16 v1.2d Enhanced LaTeX Graphics (DPC,SPQR)

(/usr/local/texlive/2022/texmf-dist/tex/latex/graphics/keyval.sty
Package: keyval 2014/10/28 v1.15 key=value parser (DPC)
\KV@toks@=\toks18
)
(/usr/local/texlive/2022/texmf-dist/tex/latex/graphics/graphics.sty
Package: graphics 2021/03/04 v1.4d Standard LaTeX Graphics (DPC,SPQR)

(/usr/local/texlive/2022/texmf-dist/tex/latex/graphics/trig.sty
Package: trig 2021/08/11 v1.11 sin cos tan (DPC)
)
(/usr/local/texlive/2022/texmf-dist/tex/latex/graphics-cfg/graphics.cfg
File: graphics.cfg 2016/06/04 v1.11 sample graphics configuration
)
Package graphics Info: Driver file: dvips.def on input line 107.

(/usr/local/texlive/2022/texmf-dist/tex/latex/graphics-def/dvips.def
File: dvips.def 2017/06/20 v3.1d Graphics/color driver for dvips
))
\Gin@req@height=\dimen170
\Gin@req@width=\dimen171
)
(./styles/equation.sty
\@stequation=\toks19
)
\minicolumnsep=\skip50
\textwidthhalf=\skip51
) (./styles/times.sty)
(/usr/local/texlive/2022/texmf-dist/tex/latex/tools/enumerate.sty
Package: enumerate 2015/07/23 v3.00 enumerate extensions (DPC)
\@enLab=\toks20
)
(/usr/local/texlive/2022/texmf-dist/tex/latex/l3backend/l3backend-dvips.def
File: l3backend-dvips.def 2022-02-07 L3 backend support: dvips
\l__pdf_internal_box=\box76
\g__pdf_backend_object_int=\count198
\l__pdf_backend_content_box=\box77
\l__pdf_backend_model_box=\box78
\g__pdf_backend_annotation_int=\count199
\g__pdf_backend_link_int=\count266
\g__pdf_backend_link_sf_int=\count267
)

LaTeX Warning: Unused global option(s):
    [8.5pt].

(./main.aux

LaTeX Warning: Label `classifications' multiply defined.

)
\openout1 = `main.aux'.

LaTeX Font Info:    Checking defaults for OML/cmm/m/it on input line 17.
LaTeX Font Info:    ... okay on input line 17.
LaTeX Font Info:    Checking defaults for OMS/cmsy/m/n on input line 17.
LaTeX Font Info:    ... okay on input line 17.
LaTeX Font Info:    Checking defaults for OT1/cmr/m/n on input line 17.
LaTeX Font Info:    ... okay on input line 17.
LaTeX Font Info:    Checking defaults for T1/cmr/m/n on input line 17.
LaTeX Font Info:    ... okay on input line 17.
LaTeX Font Info:    Checking defaults for TS1/cmr/m/n on input line 17.
LaTeX Font Info:    ... okay on input line 17.
LaTeX Font Info:    Checking defaults for OMX/cmex/m/n on input line 17.
LaTeX Font Info:    ... okay on input line 17.
LaTeX Font Info:    Checking defaults for U/cmr/m/n on input line 17.
LaTeX Font Info:    ... okay on input line 17.
LaTeX Font Info:    Checking defaults for JY1/mc/m/n on input line 17.
LaTeX Font Info:    ... okay on input line 17.
LaTeX Font Info:    Checking defaults for JT1/mc/m/n on input line 17.
LaTeX Font Info:    ... okay on input line 17.
LaTeX Font Info:    Font shape `JT1/mc/bx/n' in size <14.4> not available
(Font)              Font shape `JT1/gt/m/n' tried instead on input line 18.
LaTeX Font Info:    Font shape `JY1/mc/bx/n' in size <14.4> not available
(Font)              Font shape `JY1/gt/m/n' tried instead on input line 18.
LaTeX Font Info:    Font shape `JT1/mc/bx/n' in size <12> not available
(Font)              Font shape `JT1/gt/m/n' tried instead on input line 22.
LaTeX Font Info:    Font shape `JY1/mc/bx/n' in size <12> not available
(Font)              Font shape `JY1/gt/m/n' tried instead on input line 22.
File: images/shibou_status.eps Graphic file (type eps)
 <images/shibou_status.eps>
LaTeX Font Info:    External font `cmex10' loaded for size
(Font)              <7> on input line 32.
LaTeX Font Info:    External font `cmex10' loaded for size
(Font)              <5> on input line 32.
File: images/jinshixn.eps Graphic file (type eps)
 <images/jinshixn.eps>
File: images/bussoxn.eps Graphic file (type eps)
 <images/bussoxn.eps>
LaTeX Font Info:    Font shape `JT1/mc/bx/n' in size <10> not available
(Font)              Font shape `JT1/gt/m/n' tried instead on input line 56.
LaTeX Font Info:    Font shape `JY1/mc/bx/n' in size <10> not available
(Font)              Font shape `JY1/gt/m/n' tried instead on input line 56.
LaTeX Font Info:    External font `cmex10' loaded for size
(Font)              <9> on input line 64.
LaTeX Font Info:    External font `cmex10' loaded for size
(Font)              <6> on input line 64.
File: images/no_image.eps Graphic file (type eps)

<images/no_image.eps>
LaTeX Font Info:    Font shape `JT1/mc/bx/n' in size <9> not available
(Font)              Font shape `JT1/gt/m/n' tried instead on input line 95.
LaTeX Font Info:    Font shape `JY1/mc/bx/n' in size <9> not available
(Font)              Font shape `JY1/gt/m/n' tried instead on input line 95.


LaTeX Warning: Reference `地図画像分類システム' on page 1 undefined on input li
ne 95.


LaTeX Warning: Reference `地図画像分類システム' on page 1 undefined on input li
ne 99.

[1


]
File: images/mapclassification_server.eps Graphic file (type eps)
 <images/mapclassification_server.eps>
Overfull \hbox (38.25742pt too wide) in paragraph at lines 120--121
[]\OT1/cmr/m/n/9 consbio, mbtile-server, [https://github.com/consbio/mbtileserv
er] 
 []

[2

] (./main.aux)

LaTeX Warning: There were undefined references.


LaTeX Warning: There were multiply-defined labels.

 ) 
Here is how much of TeX's memory you used:
 1392 strings out of 478724
 22961 string characters out of 5858393
 334733 words of memory out of 5000000
 19844 multiletter control sequences out of 15000+600000
 479001 words of font info for 67 fonts, out of 8000000 for 9000
 929 hyphenation exceptions out of 8191
 70i,6n,76p,331b,343s stack positions out of 10000i,1000n,20000p,200000b,200000s

Output written on main.dvi (2 pages, 9000 bytes).
