This is e-pTeX, Version 3.141592653-p4.0.0-220214-2.6 (utf8.euc) (TeX Live 2022) (preloaded format=platex 2022.6.7)  15 NOV 2022 01:23
entering extended mode
 restricted \write18 enabled.
 %&-line parsing enabled.
**/Users/konyuta/.config/nvim/configs/maps.vim
(/Users/konyuta/.config/nvim/configs/maps.vim
pLaTeX2e <2021-11-15> (based on LaTeX2e <2021-11-15> patch level 1)
L3 programming layer <2022-02-24>

! LaTeX Error: Missing \begin{document}.

See the LaTeX manual or LaTeX Companion for explanation.
Type  H <return>  for immediate help.
 ...                                              
                                                  
l.1 "
     disable 矢印key
? 
! Emergency stop.
 ...                                              
                                                  
l.1 "
     disable 矢印key
You're in trouble here.  Try typing  <return>  to proceed.
If that doesn't work, type  X <return>  to quit.

 
Here is how much of TeX's memory you used:
 20 strings out of 478724
 560 string characters out of 5858393
 295644 words of memory out of 5000000
 18554 multiletter control sequences out of 15000+600000
 473130 words of font info for 45 fonts, out of 8000000 for 9000
 929 hyphenation exceptions out of 8191
 15i,0n,23p,95b,18s stack positions out of 10000i,1000n,20000p,200000b,200000s
No pages of output.
